<?xml version="1.0" encoding="UTF-8"?>
<!-- Generated by org.testng.reporters.JUnitXMLReporter -->
<testsuite hostname="ranjan-PC" name="Default test" tests="5" failures="0" timestamp="7 Oct 2017 04:00:54 GMT" time="66.231" errors="0">
  <testcase name="add" time="0.042" classname="com.qa.base.Driver"/>
  <testcase name="div" time="0.01" classname="com.qa.base.Driver"/>
  <testcase name="finalize" time="0.004" classname="com.qa.base.Driver"/>
  <testcase name="sub" time="0.01" classname="com.qa.base.Driver"/>
  <testcase name="testLogin" time="32.298" classname="com.qa.base.Driver"/>
</testsuite> <!-- Default test -->
